# JRE version: Java(TM) SE Runtime Environment (17.0.9+11) (build 17.0.9+11-LTS-201)
# Java VM: Java HotSpot(TM) 64-Bit Server VM (17.0.9+11-LTS-201, mixed mode, sharing, tiered, compressed oops, compressed class ptrs, g1 gc, windows-amd64)
GC Precious Log:
 CPUs: 8 total, 8 available
 Memory: 8025M
 Large Page Support: Disabled
 NUMA Support: Disabled
 Compressed Oops: Enabled (32-bit)
 Heap Region Size: 1M
 Heap Min Capacity: 8M
 Heap Initial Capacity: 126M
 Heap Max Capacity: 2008M
 Pre-touch: Disabled
 Parallel Workers: 8
 Concurrent Workers: 2
 Concurrent Refinement Workers: 8
 Periodic GC: Disabled
Heap:
 garbage-first heap   total 246784K, used 73603K [0x0000000082800000, 0x0000000100000000)
  region size 1024K, 8 young (8192K), 3 survivors (3072K)
 Metaspace       used 8340K, committed 8576K, reserved 1114112K
  class space    used 909K, committed 1024K, reserved 1048576K
GC Heap History (20 events):
Event: 2.687 GC heap before
{Heap before GC invocations=1 (full 0):
 garbage-first heap   total 129024K, used 88576K [0x0000000082800000, 0x0000000100000000)
  region size 1024K, 33 young (33792K), 3 survivors (3072K)
 Metaspace       used 6885K, committed 7040K, reserved 1114112K
  class space    used 716K, committed 832K, reserved 1048576K
}
Event: 2.690 GC heap after
{Heap after GC invocations=2 (full 0):
 garbage-first heap   total 129024K, used 60313K [0x0000000082800000, 0x0000000100000000)
  region size 1024K, 3 young (3072K), 3 survivors (3072K)
 Metaspace       used 6885K, committed 7040K, reserved 1114112K
  class space    used 716K, committed 832K, reserved 1048576K
}
Event: 2.705 GC heap before
{Heap before GC invocations=2 (full 0):
 garbage-first heap   total 129024K, used 63385K [0x0000000082800000, 0x0000000100000000)
  region size 1024K, 5 young (5120K), 3 survivors (3072K)
 Metaspace       used 6895K, committed 7104K, reserved 1114112K
  class space    used 716K, committed 832K, reserved 1048576K
}
Event: 2.708 GC heap after
{Heap after GC invocations=3 (full 0):
 garbage-first heap   total 129024K, used 41888K [0x0000000082800000, 0x0000000100000000)
  region size 1024K, 3 young (3072K), 3 survivors (3072K)
 Metaspace       used 6895K, committed 7104K, reserved 1114112K
  class space    used 716K, committed 832K, reserved 1048576K
}
Event: 2.903 GC heap before
{Heap before GC invocations=3 (full 0):
 garbage-first heap   total 129024K, used 61344K [0x0000000082800000, 0x0000000100000000)
  region size 1024K, 5 young (5120K), 3 survivors (3072K)
 Metaspace       used 6918K, committed 7104K, reserved 1114112K
  class space    used 716K, committed 832K, reserved 1048576K
}
Event: 2.905 GC heap after
{Heap after GC invocations=4 (full 0):
 garbage-first heap   total 129024K, used 59192K [0x0000000082800000, 0x0000000100000000)
  region size 1024K, 3 young (3072K), 3 survivors (3072K)
 Metaspace       used 6918K, committed 7104K, reserved 1114112K
  class space    used 716K, committed 832K, reserved 1048576K
}
Event: 2.919 GC heap before
{Heap before GC invocations=4 (full 0):
 garbage-first heap   total 129024K, used 61240K [0x0000000082800000, 0x0000000100000000)
  region size 1024K, 4 young (4096K), 3 survivors (3072K)
 Metaspace       used 6919K, committed 7104K, reserved 1114112K
  class space    used 716K, committed 832K, reserved 1048576K
}
Event: 2.922 GC heap after
{Heap after GC invocations=5 (full 0):
 garbage-first heap   total 129024K, used 42814K [0x0000000082800000, 0x0000000100000000)
  region size 1024K, 3 young (3072K), 3 survivors (3072K)
 Metaspace       used 6919K, committed 7104K, reserved 1114112K
  class space    used 716K, committed 832K, reserved 1048576K
}
Event: 3.066 GC heap before
{Heap before GC invocations=5 (full 0):
 garbage-first heap   total 129024K, used 61246K [0x0000000082800000, 0x0000000100000000)
  region size 1024K, 4 young (4096K), 3 survivors (3072K)
 Metaspace       used 6937K, committed 7104K, reserved 1114112K
  class space    used 716K, committed 832K, reserved 1048576K
}
Event: 3.068 GC heap after
{Heap after GC invocations=6 (full 0):
 garbage-first heap   total 129024K, used 59256K [0x0000000082800000, 0x0000000100000000)
  region size 1024K, 3 young (3072K), 3 survivors (3072K)
 Metaspace       used 6937K, committed 7104K, reserved 1114112K
  class space    used 716K, committed 832K, reserved 1048576K
}
Event: 3.099 GC heap before
{Heap before GC invocations=6 (full 0):
 garbage-first heap   total 129024K, used 61304K [0x0000000082800000, 0x0000000100000000)
  region size 1024K, 4 young (4096K), 3 survivors (3072K)
 Metaspace       used 6937K, committed 7104K, reserved 1114112K
  class space    used 716K, committed 832K, reserved 1048576K
}
Event: 3.102 GC heap after
{Heap after GC invocations=7 (full 0):
 garbage-first heap   total 246784K, used 42865K [0x0000000082800000, 0x0000000100000000)
  region size 1024K, 3 young (3072K), 3 survivors (3072K)
 Metaspace       used 6937K, committed 7104K, reserved 1114112K
  class space    used 716K, committed 832K, reserved 1048576K
}
Event: 3.616 GC heap before
{Heap before GC invocations=7 (full 0):
 garbage-first heap   total 246784K, used 114545K [0x0000000082800000, 0x0000000100000000)
  region size 1024K, 5 young (5120K), 3 survivors (3072K)
 Metaspace       used 7034K, committed 7232K, reserved 1114112K
  class space    used 716K, committed 832K, reserved 1048576K
}
Event: 3.619 GC heap after
{Heap after GC invocations=8 (full 0):
 garbage-first heap   total 246784K, used 111473K [0x0000000082800000, 0x0000000100000000)
  region size 1024K, 3 young (3072K), 3 survivors (3072K)
 Metaspace       used 7034K, committed 7232K, reserved 1114112K
  class space    used 716K, committed 832K, reserved 1048576K
}
Event: 3.646 GC heap before
{Heap before GC invocations=8 (full 0):
 garbage-first heap   total 246784K, used 115569K [0x0000000082800000, 0x0000000100000000)
  region size 1024K, 5 young (5120K), 3 survivors (3072K)
 Metaspace       used 7034K, committed 7232K, reserved 1114112K
  class space    used 716K, committed 832K, reserved 1048576K
}
Event: 3.650 GC heap after
{Heap after GC invocations=9 (full 0):
 garbage-first heap   total 246784K, used 44853K [0x0000000082800000, 0x0000000100000000)
  region size 1024K, 3 young (3072K), 3 survivors (3072K)
 Metaspace       used 7034K, committed 7232K, reserved 1114112K
  class space    used 716K, committed 832K, reserved 1048576K
}
Event: 4.056 GC heap before
{Heap before GC invocations=9 (full 0):
 garbage-first heap   total 246784K, used 114485K [0x0000000082800000, 0x0000000100000000)
  region size 1024K, 5 young (5120K), 3 survivors (3072K)
 Metaspace       used 7084K, committed 7296K, reserved 1114112K
  class space    used 716K, committed 832K, reserved 1048576K
}
Event: 4.059 GC heap after
{Heap after GC invocations=10 (full 0):
 garbage-first heap   total 246784K, used 110398K [0x0000000082800000, 0x0000000100000000)
  region size 1024K, 3 young (3072K), 3 survivors (3072K)
 Metaspace       used 7084K, committed 7296K, reserved 1114112K
  class space    used 716K, committed 832K, reserved 1048576K
}
Event: 4.073 GC heap before
{Heap before GC invocations=10 (full 0):
 garbage-first heap   total 246784K, used 115518K [0x0000000082800000, 0x0000000100000000)
  region size 1024K, 5 young (5120K), 3 survivors (3072K)
 Metaspace       used 7087K, committed 7296K, reserved 1114112K
  class space    used 716K, committed 832K, reserved 1048576K
}
Event: 4.078 GC heap after
{Heap after GC invocations=11 (full 0):
 garbage-first heap   total 246784K, used 46979K [0x0000000082800000, 0x0000000100000000)
  region size 1024K, 3 young (3072K), 3 survivors (3072K)
 Metaspace       used 7087K, committed 7296K, reserved 1114112K
  class space    used 716K, committed 832K, reserved 1048576K
}

